<?xml version="1.0" encoding="UTF-8"?>
<coverage generated="1558534128148" clover="3.2.0">
  <project timestamp="1558534128148" name="All files">
    <metrics statements="20" coveredstatements="20" conditionals="2" coveredconditionals="2" methods="3" coveredmethods="3" elements="25" coveredelements="25" complexity="0" loc="20" ncloc="20" packages="3" files="6" classes="6">
      <package name="components.facets">
        <metrics statements="3" coveredstatements="3" conditionals="0" coveredconditionals="0" methods="1" coveredmethods="1"/>
        <file name="GenderFacet.vue" path="/Users/max/Projects/molgenis-app-lifelines-webshop/src/components/facets/GenderFacet.vue">
          <metrics statements="3" coveredstatements="3" conditionals="0" coveredconditionals="0" methods="1" coveredmethods="1"/>
          <line num="6" count="3" type="stmt"/>
          <line num="7" count="3" type="stmt"/>
          <line num="19" count="2" type="stmt"/>
        </file>
      </package>
      <package name="components.facets.components">
        <metrics statements="10" coveredstatements="10" conditionals="2" coveredconditionals="2" methods="2" coveredmethods="2"/>
        <file name="FacetOption.vue" path="/Users/max/Projects/molgenis-app-lifelines-webshop/src/components/facets/components/FacetOption.vue">
          <metrics statements="2" coveredstatements="2" conditionals="0" coveredconditionals="0" methods="1" coveredmethods="1"/>
          <line num="13" count="5" type="stmt"/>
          <line num="24" count="2" type="stmt"/>
        </file>
        <file name="ToggleFacet.vue" path="/Users/max/Projects/molgenis-app-lifelines-webshop/src/components/facets/components/ToggleFacet.vue">
          <metrics statements="8" coveredstatements="8" conditionals="2" coveredconditionals="2" methods="1" coveredmethods="1"/>
          <line num="13" count="4" type="stmt"/>
          <line num="14" count="4" type="stmt"/>
          <line num="34" count="1" type="stmt"/>
          <line num="39" count="3" type="stmt"/>
          <line num="44" count="2" type="cond" truecount="2" falsecount="0"/>
          <line num="45" count="1" type="stmt"/>
          <line num="47" count="1" type="stmt"/>
          <line num="49" count="2" type="stmt"/>
        </file>
      </package>
      <package name="views">
        <metrics statements="7" coveredstatements="7" conditionals="0" coveredconditionals="0" methods="0" coveredmethods="0"/>
        <file name="ContentView.vue" path="/Users/max/Projects/molgenis-app-lifelines-webshop/src/views/ContentView.vue">
          <metrics statements="1" coveredstatements="1" conditionals="0" coveredconditionals="0" methods="0" coveredmethods="0"/>
          <line num="8" count="2" type="stmt"/>
        </file>
        <file name="MainView.vue" path="/Users/max/Projects/molgenis-app-lifelines-webshop/src/views/MainView.vue">
          <metrics statements="3" coveredstatements="3" conditionals="0" coveredconditionals="0" methods="0" coveredmethods="0"/>
          <line num="9" count="1" type="stmt"/>
          <line num="10" count="1" type="stmt"/>
          <line num="11" count="1" type="stmt"/>
        </file>
        <file name="SidebarView.vue" path="/Users/max/Projects/molgenis-app-lifelines-webshop/src/views/SidebarView.vue">
          <metrics statements="3" coveredstatements="3" conditionals="0" coveredconditionals="0" methods="0" coveredmethods="0"/>
          <line num="16" count="2" type="stmt"/>
          <line num="17" count="2" type="stmt"/>
          <line num="23" count="1" type="stmt"/>
        </file>
      </package>
    </metrics>
  </project>
</coverage>
