{"/Users/max/Projects/molgenis-app-lifelines-webshop/src/components/facets/GenderFacet.vue": {"path":"/Users/max/Projects/molgenis-app-lifelines-webshop/src/components/facets/GenderFacet.vue","statementMap":{"0":{"start":{"line":6,"column":0},"end":{"line":null,"column":-1}},"1":{"start":{"line":7,"column":0},"end":{"line":null,"column":-1}},"2":{"start":{"line":19,"column":0},"end":{"line":null,"column":-1}}},"fnMap":{"0":{"name":"(anonymous_1)","decl":{"start":{"line":19,"column":0},"end":{"line":null,"column":-1}},"loc":{"start":{"line":19,"column":0},"end":{"line":null,"column":-1}}}},"branchMap":{},"s":{"0":3,"1":3,"2":2},"f":{"0":2},"b":{}}
,"/Users/max/Projects/molgenis-app-lifelines-webshop/src/components/facets/components/FacetOption.vue": {"path":"/Users/max/Projects/molgenis-app-lifelines-webshop/src/components/facets/components/FacetOption.vue","statementMap":{"0":{"start":{"line":13,"column":0},"end":{"line":null,"column":-1}},"1":{"start":{"line":24,"column":0},"end":{"line":null,"column":-1}}},"fnMap":{"0":{"name":"(anonymous_1)","decl":{"start":{"line":24,"column":0},"end":{"line":null,"column":-1}},"loc":{"start":{"line":24,"column":0},"end":{"line":null,"column":-1}}}},"branchMap":{},"s":{"0":5,"1":2},"f":{"0":2},"b":{}}
,"/Users/max/Projects/molgenis-app-lifelines-webshop/src/components/facets/components/ToggleFacet.vue": {"path":"/Users/max/Projects/molgenis-app-lifelines-webshop/src/components/facets/components/ToggleFacet.vue","statementMap":{"0":{"start":{"line":13,"column":0},"end":{"line":null,"column":-1}},"1":{"start":{"line":14,"column":0},"end":{"line":null,"column":-1}},"2":{"start":{"line":34,"column":0},"end":{"line":null,"column":-1}},"3":{"start":{"line":39,"column":0},"end":{"line":null,"column":-1}},"4":{"start":{"line":44,"column":0},"end":{"line":48,"column":0}},"5":{"start":{"line":45,"column":0},"end":{"line":null,"column":-1}},"6":{"start":{"line":47,"column":0},"end":{"line":null,"column":-1}},"7":{"start":{"line":49,"column":0},"end":{"line":null,"column":-1}}},"fnMap":{"0":{"name":"(anonymous_1)","decl":{"start":{"line":34,"column":0},"end":{"line":null,"column":-1}},"loc":{"start":{"line":34,"column":0},"end":{"line":null,"column":-1}}}},"branchMap":{"0":{"loc":{"start":{"line":44,"column":0},"end":{"line":48,"column":0}},"type":"if","locations":[{"start":{"line":44,"column":0},"end":{"line":48,"column":0}},{"start":{"line":44,"column":0},"end":{"line":48,"column":0}}]}},"s":{"0":4,"1":4,"2":1,"3":3,"4":2,"5":1,"6":1,"7":2},"f":{"0":1},"b":{"0":[1,1]}}
,"/Users/max/Projects/molgenis-app-lifelines-webshop/src/views/ContentView.vue": {"path":"/Users/max/Projects/molgenis-app-lifelines-webshop/src/views/ContentView.vue","statementMap":{"0":{"start":{"line":8,"column":0},"end":{"line":null,"column":-1}}},"fnMap":{},"branchMap":{},"s":{"0":2},"f":{},"b":{}}
,"/Users/max/Projects/molgenis-app-lifelines-webshop/src/views/MainView.vue": {"path":"/Users/max/Projects/molgenis-app-lifelines-webshop/src/views/MainView.vue","statementMap":{"0":{"start":{"line":9,"column":0},"end":{"line":null,"column":-1}},"1":{"start":{"line":10,"column":0},"end":{"line":null,"column":-1}},"2":{"start":{"line":11,"column":0},"end":{"line":null,"column":-1}}},"fnMap":{},"branchMap":{},"s":{"0":1,"1":1,"2":1},"f":{},"b":{}}
,"/Users/max/Projects/molgenis-app-lifelines-webshop/src/views/SidebarView.vue": {"path":"/Users/max/Projects/molgenis-app-lifelines-webshop/src/views/SidebarView.vue","statementMap":{"0":{"start":{"line":16,"column":0},"end":{"line":null,"column":-1}},"1":{"start":{"line":17,"column":0},"end":{"line":null,"column":-1}},"2":{"start":{"line":23,"column":0},"end":{"line":null,"column":-1}}},"fnMap":{},"branchMap":{},"s":{"0":2,"1":2,"2":1},"f":{},"b":{}}
}
