TN:
SF:/Users/max/Projects/molgenis-app-lifelines-webshop/src/components/facets/GenderFacet.vue
FN:19,(anonymous_1)
FNF:1
FNH:1
FNDA:2,(anonymous_1)
DA:6,3
DA:7,3
DA:19,2
LF:3
LH:3
BRF:0
BRH:0
end_of_record
TN:
SF:/Users/max/Projects/molgenis-app-lifelines-webshop/src/components/facets/components/FacetOption.vue
FN:24,(anonymous_1)
FNF:1
FNH:1
FNDA:2,(anonymous_1)
DA:13,5
DA:24,2
LF:2
LH:2
BRF:0
BRH:0
end_of_record
TN:
SF:/Users/max/Projects/molgenis-app-lifelines-webshop/src/components/facets/components/ToggleFacet.vue
FN:34,(anonymous_1)
FNF:1
FNH:1
FNDA:1,(anonymous_1)
DA:13,4
DA:14,4
DA:34,1
DA:39,3
DA:44,2
DA:45,1
DA:47,1
DA:49,2
LF:8
LH:8
BRDA:44,0,0,1
BRDA:44,0,1,1
BRF:2
BRH:2
end_of_record
TN:
SF:/Users/max/Projects/molgenis-app-lifelines-webshop/src/views/ContentView.vue
FNF:0
FNH:0
DA:8,2
LF:1
LH:1
BRF:0
BRH:0
end_of_record
TN:
SF:/Users/max/Projects/molgenis-app-lifelines-webshop/src/views/MainView.vue
FNF:0
FNH:0
DA:9,1
DA:10,1
DA:11,1
LF:3
LH:3
BRF:0
BRH:0
end_of_record
TN:
SF:/Users/max/Projects/molgenis-app-lifelines-webshop/src/views/SidebarView.vue
FNF:0
FNH:0
DA:16,2
DA:17,2
DA:23,1
LF:3
LH:3
BRF:0
BRH:0
end_of_record
